[2016-02-25 11:13:17 +0400] [6960] [INFO] Starting gunicorn 19.4.5
[2016-02-25 11:13:17 +0400] [6960] [INFO] Listening at: http://0.0.0.0:8080 (6960)
[2016-02-25 11:13:17 +0400] [6960] [INFO] Using worker: sync
[2016-02-25 11:13:17 +0400] [6963] [INFO] Booting worker with pid: 6963
[2016-02-25 11:13:17 +0400] [6964] [INFO] Booting worker with pid: 6964
[2016-02-25 11:13:17 +0400] [6965] [INFO] Booting worker with pid: 6965
[2016-02-25 11:13:17 +0400] [6966] [INFO] Booting worker with pid: 6966
[2016-02-25 11:13:17 +0400] [6967] [INFO] Booting worker with pid: 6967
[2016-02-25 11:13:17 +0400] [6968] [INFO] Booting worker with pid: 6968
[2016-02-25 11:13:17 +0400] [6969] [INFO] Booting worker with pid: 6969
[2016-02-25 11:13:17 +0400] [6970] [INFO] Booting worker with pid: 6970
[2016-02-25 11:13:17 +0400] [6971] [INFO] Booting worker with pid: 6971
[2016-02-25 11:14:50 +0400] [6960] [CRITICAL] WORKER TIMEOUT (pid:6968)
[2016-02-25 11:14:50 +0400] [6968] [INFO] Worker exiting (pid: 6968)
[2016-02-25 11:14:51 +0400] [7029] [INFO] Booting worker with pid: 7029
[2016-02-25 11:16:11 +0400] [6960] [INFO] Handling signal: term
[2016-02-25 11:16:11 +0400] [6964] [INFO] Worker exiting (pid: 6964)
[2016-02-25 11:16:11 +0400] [6963] [INFO] Worker exiting (pid: 6963)
[2016-02-25 11:16:11 +0400] [6965] [INFO] Worker exiting (pid: 6965)
[2016-02-25 11:16:11 +0400] [6967] [INFO] Worker exiting (pid: 6967)
[2016-02-25 11:16:11 +0400] [6969] [INFO] Worker exiting (pid: 6969)
[2016-02-25 11:16:11 +0400] [6966] [INFO] Worker exiting (pid: 6966)
[2016-02-25 11:16:11 +0400] [7029] [INFO] Worker exiting (pid: 7029)
[2016-02-25 11:16:11 +0400] [6971] [INFO] Worker exiting (pid: 6971)
[2016-02-25 11:16:11 +0400] [6970] [INFO] Worker exiting (pid: 6970)
[2016-02-25 11:16:12 +0400] [6960] [INFO] Shutting down: Master
[2016-02-25 11:16:12 +0400] [7106] [INFO] Starting gunicorn 19.4.5
[2016-02-25 11:16:12 +0400] [7106] [INFO] Listening at: http://0.0.0.0:8080 (7106)
[2016-02-25 11:16:12 +0400] [7106] [INFO] Using worker: sync
[2016-02-25 11:16:12 +0400] [7109] [INFO] Booting worker with pid: 7109
[2016-02-25 11:16:12 +0400] [7110] [INFO] Booting worker with pid: 7110
[2016-02-25 11:16:12 +0400] [7111] [INFO] Booting worker with pid: 7111
[2016-02-25 11:16:12 +0400] [7112] [INFO] Booting worker with pid: 7112
[2016-02-25 11:16:12 +0400] [7113] [INFO] Booting worker with pid: 7113
[2016-02-25 11:16:12 +0400] [7114] [INFO] Booting worker with pid: 7114
[2016-02-25 11:16:12 +0400] [7115] [INFO] Booting worker with pid: 7115
[2016-02-25 11:16:12 +0400] [7116] [INFO] Booting worker with pid: 7116
[2016-02-25 11:16:12 +0400] [7117] [INFO] Booting worker with pid: 7117
[2016-02-25 11:19:45 +0400] [7106] [INFO] Handling signal: term
[2016-02-25 11:19:45 +0400] [7110] [INFO] Worker exiting (pid: 7110)
[2016-02-25 11:19:45 +0400] [7109] [INFO] Worker exiting (pid: 7109)
[2016-02-25 11:19:45 +0400] [7111] [INFO] Worker exiting (pid: 7111)
[2016-02-25 11:19:45 +0400] [7114] [INFO] Worker exiting (pid: 7114)
[2016-02-25 11:19:45 +0400] [7112] [INFO] Worker exiting (pid: 7112)
[2016-02-25 11:19:45 +0400] [7115] [INFO] Worker exiting (pid: 7115)
[2016-02-25 11:19:45 +0400] [7113] [INFO] Worker exiting (pid: 7113)
[2016-02-25 11:19:45 +0400] [7117] [INFO] Worker exiting (pid: 7117)
[2016-02-25 11:19:45 +0400] [7116] [INFO] Worker exiting (pid: 7116)
[2016-02-25 11:19:46 +0400] [7106] [INFO] Shutting down: Master
[2016-02-25 11:19:46 +0400] [7219] [INFO] Starting gunicorn 19.4.5
[2016-02-25 11:19:46 +0400] [7219] [INFO] Listening at: http://0.0.0.0:8080 (7219)
[2016-02-25 11:19:46 +0400] [7219] [INFO] Using worker: sync
[2016-02-25 11:19:46 +0400] [7222] [INFO] Booting worker with pid: 7222
[2016-02-25 11:19:46 +0400] [7223] [INFO] Booting worker with pid: 7223
[2016-02-25 11:19:46 +0400] [7224] [INFO] Booting worker with pid: 7224
[2016-02-25 11:19:46 +0400] [7225] [INFO] Booting worker with pid: 7225
[2016-02-25 11:19:46 +0400] [7226] [INFO] Booting worker with pid: 7226
[2016-02-25 11:19:46 +0400] [7227] [INFO] Booting worker with pid: 7227
[2016-02-25 11:19:46 +0400] [7228] [INFO] Booting worker with pid: 7228
[2016-02-25 11:19:46 +0400] [7229] [INFO] Booting worker with pid: 7229
[2016-02-25 11:19:46 +0400] [7230] [INFO] Booting worker with pid: 7230
